2021-05-19 01:12:32,427:DEBUG:Starting new HTTP connection (1): www.apple.com:80
2021-05-19 01:12:32,450:DEBUG:http://www.apple.com:80 "GET / HTTP/1.1" 301 0
2021-05-19 01:12:32,452:DEBUG:Starting new HTTPS connection (1): www.apple.com:443
2021-05-19 01:12:32,505:DEBUG:https://www.apple.com:443 "GET / HTTP/1.1" 200 10101
2021-05-19 01:12:32,507:DEBUG:Discovered Subdomain --> www.apple.com
2021-05-19 01:12:32,508:DEBUG:Starting new HTTP connection (1): mail.apple.com:80
2021-05-19 01:12:32,513:DEBUG:Starting new HTTP connection (1): ftp.apple.com:80
2021-05-19 01:12:32,613:DEBUG:Starting new HTTP connection (1): localhost.apple.com:80
2021-05-19 01:12:32,706:DEBUG:Starting new HTTP connection (1): webmail.apple.com:80
2021-05-19 01:12:32,798:DEBUG:Starting new HTTP connection (1): smtp.apple.com:80
2021-05-19 01:12:32,890:DEBUG:Starting new HTTP connection (1): pop.apple.com:80
2021-05-19 01:12:32,983:DEBUG:Starting new HTTP connection (1): ns1.apple.com:80
2021-05-19 01:12:33,082:DEBUG:Starting new HTTP connection (1): webdisk.apple.com:80
2021-05-19 01:12:33,176:DEBUG:Starting new HTTP connection (1): ns2.apple.com:80
2021-05-19 01:12:33,268:DEBUG:Starting new HTTP connection (1): cpanel.apple.com:80
2021-05-19 01:12:33,361:DEBUG:Starting new HTTP connection (1): whm.apple.com:80
2021-05-19 01:12:33,455:DEBUG:Starting new HTTP connection (1): autodiscover.apple.com:80
2021-05-19 01:12:33,547:DEBUG:Starting new HTTP connection (1): autoconfig.apple.com:80
2021-05-19 01:12:33,642:DEBUG:Starting new HTTP connection (1): m.apple.com:80
2021-05-19 01:12:33,733:DEBUG:Starting new HTTP connection (1): imap.apple.com:80
2021-05-19 01:12:33,829:DEBUG:Starting new HTTP connection (1): test.apple.com:80
2021-05-19 01:12:33,921:DEBUG:Starting new HTTP connection (1): ns.apple.com:80
2021-05-19 01:12:34,009:DEBUG:Starting new HTTP connection (1): blog.apple.com:80
2021-05-19 01:12:34,101:DEBUG:Starting new HTTP connection (1): pop3.apple.com:80
2021-05-19 01:12:34,191:DEBUG:Starting new HTTP connection (1): dev.apple.com:80
2021-05-19 01:12:34,285:DEBUG:Starting new HTTP connection (1): www2.apple.com:80
2021-05-19 01:12:34,377:DEBUG:Starting new HTTP connection (1): admin.apple.com:80
2021-05-19 01:12:34,473:DEBUG:Starting new HTTP connection (1): forum.apple.com:80
2021-05-19 01:12:34,562:DEBUG:Starting new HTTP connection (1): news.apple.com:80
2021-05-19 01:12:35,148:DEBUG:http://news.apple.com:80 "GET / HTTP/1.1" 301 185
2021-05-19 01:12:35,149:DEBUG:Starting new HTTPS connection (1): news.apple.com:443
2021-05-19 01:12:36,381:DEBUG:https://news.apple.com:443 "GET / HTTP/1.1" 200 6964
2021-05-19 01:12:36,382:DEBUG:Discovered Subdomain --> news.apple.com
2021-05-19 01:12:36,383:DEBUG:Starting new HTTP connection (1): vpn.apple.com:80
2021-05-19 01:12:36,478:DEBUG:Starting new HTTP connection (1): ns3.apple.com:80
2021-05-19 01:12:36,566:DEBUG:Starting new HTTP connection (1): mail2.apple.com:80
2021-05-19 01:12:36,661:DEBUG:Starting new HTTP connection (1): new.apple.com:80
2021-05-19 01:12:36,751:DEBUG:Starting new HTTP connection (1): mysql.apple.com:80
2021-05-19 01:12:36,845:DEBUG:Starting new HTTP connection (1): old.apple.com:80
2021-05-19 01:12:36,937:DEBUG:Starting new HTTP connection (1): lists.apple.com:80
2021-05-19 01:12:37,523:DEBUG:http://lists.apple.com:80 "GET / HTTP/1.1" 301 162
2021-05-19 01:12:37,525:DEBUG:Starting new HTTPS connection (1): lists.apple.com:443
2021-05-19 01:12:39,028:DEBUG:https://lists.apple.com:443 "GET / HTTP/1.1" 200 None
2021-05-19 01:12:39,032:DEBUG:Discovered Subdomain --> lists.apple.com
2021-05-19 01:12:39,034:DEBUG:Starting new HTTP connection (1): support.apple.com:80
2021-05-19 01:12:39,405:DEBUG:http://support.apple.com:80 "GET / HTTP/1.1" 301 162
2021-05-19 01:12:39,406:DEBUG:Starting new HTTPS connection (1): support.apple.com:443
2021-05-19 01:12:39,551:DEBUG:https://support.apple.com:443 "GET / HTTP/1.1" 200 8872
2021-05-19 01:12:39,552:DEBUG:Discovered Subdomain --> support.apple.com
2021-05-19 01:12:39,552:DEBUG:Starting new HTTP connection (1): mobile.apple.com:80
2021-05-19 01:12:40,250:DEBUG:http://mobile.apple.com:80 "GET / HTTP/1.1" 301 162
2021-05-19 01:12:40,251:DEBUG:Starting new HTTPS connection (1): mobile-bz-mdn.apple.com:443
2021-05-19 01:12:40,351:DEBUG:Starting new HTTP connection (1): mx.apple.com:80
2021-05-19 01:12:40,447:DEBUG:Starting new HTTP connection (1): static.apple.com:80
2021-05-19 01:12:40,532:DEBUG:Starting new HTTP connection (1): docs.apple.com:80
2021-05-19 01:12:40,627:DEBUG:Starting new HTTP connection (1): beta.apple.com:80
2021-05-19 01:12:41,520:DEBUG:http://beta.apple.com:80 "GET / HTTP/1.1" 302 None
2021-05-19 01:12:41,521:DEBUG:Starting new HTTPS connection (1): beta.apple.com:443
2021-05-19 01:12:42,676:DEBUG:https://beta.apple.com:443 "GET / HTTP/1.1" 302 209
2021-05-19 01:12:42,998:DEBUG:https://beta.apple.com:443 "GET /sp HTTP/1.1" 301 112
2021-05-19 01:12:43,316:DEBUG:https://beta.apple.com:443 "GET /sp/welcome HTTP/1.1" 302 None
2021-05-19 01:12:43,643:DEBUG:https://beta.apple.com:443 "GET /sp/betaprogram/ HTTP/1.1" 200 None
2021-05-19 01:12:43,644:DEBUG:Discovered Subdomain --> beta.apple.com
2021-05-19 01:12:43,645:DEBUG:Starting new HTTP connection (1): shop.apple.com:80
2021-05-19 01:12:43,741:DEBUG:Starting new HTTP connection (1): sql.apple.com:80
2021-05-19 01:12:43,832:DEBUG:Starting new HTTP connection (1): secure.apple.com:80
2021-05-19 01:12:43,933:DEBUG:Starting new HTTP connection (1): demo.apple.com:80
2021-05-19 01:12:44,024:DEBUG:Starting new HTTP connection (1): cp.apple.com:80
2021-05-19 01:12:44,115:DEBUG:Starting new HTTP connection (1): calendar.apple.com:80
2021-05-19 01:12:44,124:DEBUG:Starting new HTTP connection (1): wiki.apple.com:80
2021-05-19 01:12:44,219:DEBUG:Starting new HTTP connection (1): web.apple.com:80
2021-05-19 01:12:44,315:DEBUG:Starting new HTTP connection (1): media.apple.com:80
2021-05-19 01:12:44,405:DEBUG:Starting new HTTP connection (1): email.apple.com:80
2021-05-19 01:12:44,501:DEBUG:Starting new HTTP connection (1): images.apple.com:80
2021-05-19 01:12:44,986:DEBUG:http://images.apple.com:80 "GET / HTTP/1.1" 301 0
2021-05-19 01:12:44,987:DEBUG:Starting new HTTPS connection (1): images.apple.com:443
2021-05-19 01:12:45,456:DEBUG:https://images.apple.com:443 "GET / HTTP/1.1" 200 10101
2021-05-19 01:12:45,457:DEBUG:Discovered Subdomain --> images.apple.com
2021-05-19 01:12:45,458:DEBUG:Starting new HTTP connection (1): img.apple.com:80
2021-05-19 01:12:45,555:DEBUG:Starting new HTTP connection (1): www1.apple.com:80
2021-05-19 01:12:45,652:DEBUG:Starting new HTTP connection (1): intranet.apple.com:80
2021-05-19 01:12:45,746:DEBUG:Starting new HTTP connection (1): portal.apple.com:80
2021-05-19 01:12:46,401:DEBUG:http://portal.apple.com:80 "GET / HTTP/1.1" 301 162
2021-05-19 01:12:46,402:DEBUG:Starting new HTTPS connection (1): portal.apple.com:443
2021-05-19 01:12:47,447:DEBUG:https://portal.apple.com:443 "GET / HTTP/1.1" 302 0
2021-05-19 01:12:47,450:DEBUG:Starting new HTTPS connection (1): idmsa.apple.com:443
2021-05-19 01:12:48,674:DEBUG:https://idmsa.apple.com:443 "GET /IDMSWebAuth/login?appIdKey=bbddf091a7ff4178d2deda57c73e701096e4cd4b7f97545ed8703b3c46f38461&language=US-EN&baseURL=https://portal.apple.com/&path=validateUser%3Faction%3Dlogin HTTP/1.1" 200 None
2021-05-19 01:12:48,677:DEBUG:Discovered Subdomain --> portal.apple.com
2021-05-19 01:12:48,678:DEBUG:Starting new HTTP connection (1): video.apple.com:80
2021-05-19 01:12:48,775:DEBUG:Starting new HTTP connection (1): sip.apple.com:80
2021-05-19 01:12:48,868:DEBUG:Starting new HTTP connection (1): dns2.apple.com:80
2021-05-19 01:12:48,964:DEBUG:Starting new HTTP connection (1): api.apple.com:80
2021-05-19 01:12:49,056:DEBUG:Starting new HTTP connection (1): cdn.apple.com:80
2021-05-19 01:12:49,152:DEBUG:Starting new HTTP connection (1): stats.apple.com:80
2021-05-19 01:12:49,243:DEBUG:Starting new HTTP connection (1): dns1.apple.com:80
2021-05-19 01:12:49,336:DEBUG:Starting new HTTP connection (1): ns4.apple.com:80
2021-05-19 01:12:49,430:DEBUG:Starting new HTTP connection (1): www3.apple.com:80
2021-05-19 01:12:49,523:DEBUG:Starting new HTTP connection (1): dns.apple.com:80
2021-05-19 01:12:49,615:DEBUG:Starting new HTTP connection (1): search.apple.com:80
2021-05-19 01:14:47,575:DEBUG:Starting new HTTP connection (1): www.oneplus.com:80
2021-05-19 01:14:47,911:DEBUG:http://www.oneplus.com:80 "GET / HTTP/1.1" 301 178
2021-05-19 01:14:47,913:DEBUG:Starting new HTTPS connection (1): www.oneplus.com:443
2021-05-19 01:14:48,348:DEBUG:https://www.oneplus.com:443 "GET / HTTP/1.1" 302 154
2021-05-19 01:14:48,648:DEBUG:https://www.oneplus.com:443 "GET /in HTTP/1.1" 301 178
2021-05-19 01:14:48,649:DEBUG:Starting new HTTPS connection (1): www.oneplus.in:443
2021-05-19 01:14:54,564:DEBUG:https://www.oneplus.in:443 "GET / HTTP/1.1" 200 19717
2021-05-19 01:14:54,576:DEBUG:Discovered Subdomain --> www.oneplus.com
2021-05-19 01:14:54,577:DEBUG:Starting new HTTP connection (1): mail.oneplus.com:80
2021-05-19 01:14:54,640:DEBUG:http://mail.oneplus.com:80 "GET / HTTP/1.1" 301 0
2021-05-19 01:14:54,641:DEBUG:Starting new HTTPS connection (1): outlook.office365.com:443
2021-05-19 01:14:54,812:DEBUG:https://outlook.office365.com:443 "GET /owa/?realm=oneplus.com&vd=mail HTTP/1.1" 302 838
2021-05-19 01:14:54,819:DEBUG:Starting new HTTPS connection (1): login.microsoftonline.com:443
2021-05-19 01:14:55,194:DEBUG:https://login.microsoftonline.com:443 "GET /common/oauth2/authorize?client_id=00000002-0000-0ff1-ce00-000000000000&redirect_uri=https%3A%2F%2Foutlook.office365.com%2Fowa%2F&resource=00000002-0000-0ff1-ce00-000000000000&response_mode=form_post&response_type=code+id_token&scope=openid&msafed=0&client-request-id=510f762d-fde5-4a34-9f8b-bf9a48b37465&protectedtoken=true&claims=%7B%22id_token%22%3A%7B%22xms_cc%22%3A%7B%22values%22%3A%5B%22CP1%22%5D%7D%7D%7D&domain_hint=oneplus.com&nonce=637569980985209911.b2b9b4e9-b542-4ef4-accb-bcd2546832f0&state=DctBDoMgEEBRqAdx1x0K44DMwngWBjBpAqVpU72-LN7ffSmEGLpHJ3WPWN2yWkfkNXkLmsiYiYGJMZNii6AwH6hCjKw4JrDo_AKHlv0d53aFef_mUOrW3vlT_r8ptvo801bDq9w HTTP/1.1" 200 48077
2021-05-19 01:14:55,243:DEBUG:Discovered Subdomain --> mail.oneplus.com
2021-05-19 01:14:55,244:DEBUG:Starting new HTTP connection (1): ftp.oneplus.com:80
2021-05-19 01:14:55,251:DEBUG:Starting new HTTP connection (1): localhost.oneplus.com:80
2021-05-19 01:14:55,258:DEBUG:Starting new HTTP connection (1): webmail.oneplus.com:80
2021-05-19 01:14:55,266:DEBUG:Starting new HTTP connection (1): smtp.oneplus.com:80
2021-05-19 01:14:55,272:DEBUG:Starting new HTTP connection (1): pop.oneplus.com:80
2021-05-19 01:14:55,280:DEBUG:Starting new HTTP connection (1): ns1.oneplus.com:80
2021-05-19 01:14:55,288:DEBUG:Starting new HTTP connection (1): webdisk.oneplus.com:80
2021-05-19 01:14:55,296:DEBUG:Starting new HTTP connection (1): ns2.oneplus.com:80
2021-05-19 01:14:55,304:DEBUG:Starting new HTTP connection (1): cpanel.oneplus.com:80
2021-05-19 01:14:55,310:DEBUG:Starting new HTTP connection (1): whm.oneplus.com:80
2021-05-19 01:14:55,317:DEBUG:Starting new HTTP connection (1): autodiscover.oneplus.com:80
2021-05-19 01:14:55,379:DEBUG:http://autodiscover.oneplus.com:80 "GET / HTTP/1.1" 301 0
2021-05-19 01:14:55,380:DEBUG:Starting new HTTPS connection (1): outlook.office365.com:443
2021-05-19 01:14:55,544:DEBUG:https://outlook.office365.com:443 "GET /owa/?realm=oneplus.com&vd=autodiscover HTTP/1.1" 302 843
2021-05-19 01:14:55,551:DEBUG:Starting new HTTPS connection (1): login.microsoftonline.com:443
2021-05-19 01:14:55,854:DEBUG:https://login.microsoftonline.com:443 "GET /common/oauth2/authorize?client_id=00000002-0000-0ff1-ce00-000000000000&redirect_uri=https%3A%2F%2Foutlook.office365.com%2Fowa%2F&resource=00000002-0000-0ff1-ce00-000000000000&response_mode=form_post&response_type=code+id_token&scope=openid&msafed=0&client-request-id=6611f9d0-4dc7-4040-8dfa-b82babb002af&protectedtoken=true&claims=%7B%22id_token%22%3A%7B%22xms_cc%22%3A%7B%22values%22%3A%5B%22CP1%22%5D%7D%7D%7D&domain_hint=oneplus.com&nonce=637569980992539854.aee8b501-3432-4a57-a0a7-5a9e2158d751&state=DctNEoIwDEDhVu-iq0L_QpoF41kizcIZMA4IXJ8uvrd71hhzb26N9S0Gh4QwEBVPFCFRgdyxSHmDDy7lFF1mQMee0QGTxAClIgTb3mevJ_evVXheRv3Kb963btLlcdSR97_WzzbpIesF HTTP/1.1" 200 48088
2021-05-19 01:14:55,902:DEBUG:Discovered Subdomain --> autodiscover.oneplus.com
2021-05-19 01:14:55,903:DEBUG:Starting new HTTP connection (1): autoconfig.oneplus.com:80
2021-05-19 01:14:55,912:DEBUG:Starting new HTTP connection (1): m.oneplus.com:80
2021-05-19 01:14:55,921:DEBUG:Starting new HTTP connection (1): imap.oneplus.com:80
2021-05-19 01:14:55,929:DEBUG:Starting new HTTP connection (1): test.oneplus.com:80
2021-05-19 01:14:55,936:DEBUG:Starting new HTTP connection (1): ns.oneplus.com:80
2021-05-19 01:14:55,945:DEBUG:Starting new HTTP connection (1): blog.oneplus.com:80
2021-05-19 01:14:56,466:DEBUG:http://blog.oneplus.com:80 "GET / HTTP/1.1" 301 178
2021-05-19 01:14:56,467:DEBUG:Starting new HTTPS connection (1): www.oneplus.com:443
2021-05-19 01:14:56,947:DEBUG:https://www.oneplus.com:443 "GET / HTTP/1.1" 302 154
2021-05-19 01:14:57,262:DEBUG:https://www.oneplus.com:443 "GET /in HTTP/1.1" 301 178
2021-05-19 01:14:57,263:DEBUG:Starting new HTTPS connection (1): www.oneplus.in:443
2021-05-19 01:15:01,655:DEBUG:https://www.oneplus.in:443 "GET / HTTP/1.1" 200 19717
2021-05-19 01:15:01,679:DEBUG:Discovered Subdomain --> blog.oneplus.com
2021-05-19 01:15:01,680:DEBUG:Starting new HTTP connection (1): pop3.oneplus.com:80
2021-05-19 01:15:01,687:DEBUG:Starting new HTTP connection (1): dev.oneplus.com:80
2021-05-19 01:15:01,695:DEBUG:Starting new HTTP connection (1): www2.oneplus.com:80
2021-05-19 01:15:01,701:DEBUG:Starting new HTTP connection (1): admin.oneplus.com:80
2021-05-19 01:15:01,707:DEBUG:Starting new HTTP connection (1): forum.oneplus.com:80
2021-05-19 01:15:01,716:DEBUG:Starting new HTTP connection (1): news.oneplus.com:80
2021-05-19 01:15:01,725:DEBUG:Starting new HTTP connection (1): vpn.oneplus.com:80
2021-05-19 01:15:01,732:DEBUG:Starting new HTTP connection (1): ns3.oneplus.com:80
2021-05-19 01:15:01,739:DEBUG:Starting new HTTP connection (1): mail2.oneplus.com:80
2021-05-19 01:15:01,746:DEBUG:Starting new HTTP connection (1): new.oneplus.com:80
2021-05-19 01:15:01,752:DEBUG:Starting new HTTP connection (1): mysql.oneplus.com:80
2021-05-19 01:15:01,758:DEBUG:Starting new HTTP connection (1): old.oneplus.com:80
2021-05-19 01:15:01,764:DEBUG:Starting new HTTP connection (1): lists.oneplus.com:80
2021-05-19 01:15:01,770:DEBUG:Starting new HTTP connection (1): support.oneplus.com:80
2021-05-19 01:15:02,740:DEBUG:http://support.oneplus.com:80 "GET / HTTP/1.1" 301 20
2021-05-19 01:15:02,741:DEBUG:Starting new HTTPS connection (1): support.oneplus.com:443
2021-05-19 01:15:04,282:DEBUG:https://support.oneplus.com:443 "GET / HTTP/1.1" 301 21905
2021-05-19 01:15:04,507:DEBUG:Starting new HTTPS connection (1): www.oneplus.com:443
2021-05-19 01:15:04,963:DEBUG:https://www.oneplus.com:443 "GET /support HTTP/1.1" 302 154
2021-05-19 01:15:05,254:DEBUG:https://www.oneplus.com:443 "GET /in/support HTTP/1.1" 301 178
2021-05-19 01:15:05,256:DEBUG:Starting new HTTPS connection (1): www.oneplus.in:443
2021-05-19 01:15:05,689:DEBUG:https://www.oneplus.in:443 "GET /support HTTP/1.1" 200 23634
2021-05-19 01:15:05,781:DEBUG:Discovered Subdomain --> support.oneplus.com
2021-05-19 01:15:05,782:DEBUG:Starting new HTTP connection (1): mobile.oneplus.com:80
2021-05-19 01:15:05,790:DEBUG:Starting new HTTP connection (1): mx.oneplus.com:80
2021-05-19 01:15:05,798:DEBUG:Starting new HTTP connection (1): static.oneplus.com:80
2021-05-19 01:15:05,805:DEBUG:Starting new HTTP connection (1): docs.oneplus.com:80
2021-05-19 01:15:05,812:DEBUG:Starting new HTTP connection (1): beta.oneplus.com:80
2021-05-19 01:15:05,818:DEBUG:Starting new HTTP connection (1): shop.oneplus.com:80
2021-05-19 01:15:05,828:DEBUG:Starting new HTTP connection (1): sql.oneplus.com:80
2021-05-19 01:15:05,836:DEBUG:Starting new HTTP connection (1): secure.oneplus.com:80
2021-05-19 01:15:05,841:DEBUG:Starting new HTTP connection (1): demo.oneplus.com:80
2021-05-19 01:15:05,848:DEBUG:Starting new HTTP connection (1): cp.oneplus.com:80
2021-05-19 01:15:05,855:DEBUG:Starting new HTTP connection (1): calendar.oneplus.com:80
2021-05-19 01:15:05,861:DEBUG:Starting new HTTP connection (1): wiki.oneplus.com:80
2021-05-19 01:15:05,868:DEBUG:Starting new HTTP connection (1): web.oneplus.com:80
2021-05-19 01:15:05,875:DEBUG:Starting new HTTP connection (1): media.oneplus.com:80
2021-05-19 01:15:05,883:DEBUG:Starting new HTTP connection (1): email.oneplus.com:80
2021-05-19 01:15:05,894:DEBUG:Starting new HTTP connection (1): images.oneplus.com:80
2021-05-19 01:15:05,902:DEBUG:Starting new HTTP connection (1): img.oneplus.com:80
2021-05-19 01:15:05,910:DEBUG:Starting new HTTP connection (1): www1.oneplus.com:80
2021-05-19 01:15:05,918:DEBUG:Starting new HTTP connection (1): intranet.oneplus.com:80
2021-05-19 01:15:05,923:DEBUG:Starting new HTTP connection (1): portal.oneplus.com:80
2021-05-19 01:15:05,933:DEBUG:Starting new HTTP connection (1): video.oneplus.com:80
2021-05-19 01:15:05,940:DEBUG:Starting new HTTP connection (1): sip.oneplus.com:80
2021-05-19 01:15:06,144:DEBUG:Starting new HTTP connection (1): dns2.oneplus.com:80
2021-05-19 01:15:06,151:DEBUG:Starting new HTTP connection (1): api.oneplus.com:80
2021-05-19 01:15:06,158:DEBUG:Starting new HTTP connection (1): cdn.oneplus.com:80
2021-05-19 01:15:06,165:DEBUG:Starting new HTTP connection (1): stats.oneplus.com:80
2021-05-19 01:15:06,171:DEBUG:Starting new HTTP connection (1): dns1.oneplus.com:80
2021-05-19 01:15:06,178:DEBUG:Starting new HTTP connection (1): ns4.oneplus.com:80
2021-05-19 01:15:06,188:DEBUG:Starting new HTTP connection (1): www3.oneplus.com:80
2021-05-19 01:15:06,197:DEBUG:Starting new HTTP connection (1): dns.oneplus.com:80
2021-05-19 01:15:06,203:DEBUG:Starting new HTTP connection (1): search.oneplus.com:80
2021-05-19 01:15:07,030:DEBUG:http://search.oneplus.com:80 "GET / HTTP/1.1" 301 239
2021-05-19 01:15:07,032:DEBUG:Starting new HTTPS connection (1): search.oneplus.com:443
2021-05-19 01:15:08,034:DEBUG:https://search.oneplus.com:443 "GET / HTTP/1.1" 302 154
2021-05-19 01:15:08,286:DEBUG:http://search.oneplus.com:80 "GET /cn HTTP/1.1" 301 239
2021-05-19 01:15:08,542:DEBUG:https://search.oneplus.com:443 "GET /cn HTTP/1.1" 302 0
2021-05-19 01:15:08,545:DEBUG:Starting new HTTPS connection (1): www.oneplus.com:443
2021-05-19 01:15:14,502:DEBUG:Starting new HTTP connection (1): www.samsung.com:80
2021-05-19 01:15:14,533:DEBUG:http://www.samsung.com:80 "GET / HTTP/1.1" 301 0
2021-05-19 01:15:14,534:DEBUG:Starting new HTTPS connection (1): www.samsung.com:443
2021-05-19 01:15:14,581:DEBUG:https://www.samsung.com:443 "GET / HTTP/1.1" 301 0
2021-05-19 01:15:14,619:DEBUG:https://www.samsung.com:443 "GET /in/ HTTP/1.1" 200 None
2021-05-19 01:15:14,628:DEBUG:Discovered Subdomain --> www.samsung.com
2021-05-19 01:15:14,629:DEBUG:Starting new HTTP connection (1): mail.samsung.com:80
